Command line:
   SCPU_ctrl_INT_isim_beh.exe
     -simmode  gui
     -simrunnum  0
     -socket  49222

Sun Aug 23 10:10:20 2020


 Elaboration Time: 0.0625 sec

 Current Memory Usage: 5163.4 Meg

 Total Signals          : 18
 Total Nets             : 42
 Total Signal Drivers   : 15
 Total Blocks           : 2
 Total Primitive Blocks : 2
 Total Processes        : 17
 Total Traceable Variables  : 28
 Total Scalar Nets and Variables : 136
Total Line Count : 50

 Total Simulation Time: 0.0625 sec

 Current Memory Usage: 5477.97 Meg

Sun Aug 23 10:10:51 2020

