Command line:
   SCPU_SCPU_sch_tb_isim_beh.exe
     -simmode  gui
     -simrunnum  0
     -socket  49318

Sun Aug 23 10:13:01 2020


 Elaboration Time: 0.15625 sec

 Current Memory Usage: 5168.12 Meg

 Total Signals          : 256
 Total Nets             : 1000
 Total Signal Drivers   : 84
 Total Blocks           : 51
 Total Primitive Blocks : 46
 Total Processes        : 97
 Total Traceable Variables  : 49
 Total Scalar Nets and Variables : 2509
Total Line Count : 151

 Total Simulation Time: 0.875 sec

 Current Memory Usage: 5010.83 Meg

Sun Aug 23 10:17:42 2020

