c:\users\臧可\source\repos\mymips\release\vc142.pdb
c:\users\臧可\source\repos\mymips\release\mips.obj
c:\users\臧可\source\repos\mymips\release\main.obj
c:\users\臧可\source\repos\mymips\release\lineprocess.obj
c:\users\臧可\source\repos\mymips\release\invert.obj
c:\users\臧可\source\repos\mymips\release\mymips.exe
c:\users\臧可\source\repos\mymips\release\mymips.pdb
c:\users\臧可\source\repos\mymips\release\mymips.ipdb
c:\users\臧可\source\repos\mymips\release\mymips.iobj
e:\learning\yan\interview\cpu\computerorganization\mips_assembler\mymips\release\invert.obj
e:\learning\yan\interview\cpu\computerorganization\mips_assembler\mymips\release\lineprocess.obj
e:\learning\yan\interview\cpu\computerorganization\mips_assembler\mymips\release\main.obj
e:\learning\yan\interview\cpu\computerorganization\mips_assembler\mymips\release\mips.obj
e:\learning\yan\interview\cpu\computerorganization\mips_assembler\mymips\release\mymips.ipdb
e:\learning\yan\interview\cpu\computerorganization\mips_assembler\mymips\release\mymips.iobj
e:\learning\yan\interview\cpu\computerorganization\mips_assembler\mymips\release\mymips.pdb
e:\learning\yan\interview\cpu\computerorganization\mips_assembler\mymips\release\vc142.pdb
e:\learning\yan\interview\cpu\computerorganization\mips_assembler\mymips\release\mymips.exe
e:\learning\yan\interview\cpu\computerorganization\mips_assembler\mymips\release\mymips.tlog\cl.command.1.tlog
e:\learning\yan\interview\cpu\computerorganization\mips_assembler\mymips\release\mymips.tlog\cl.read.1.tlog
e:\learning\yan\interview\cpu\computerorganization\mips_assembler\mymips\release\mymips.tlog\cl.write.1.tlog
e:\learning\yan\interview\cpu\computerorganization\mips_assembler\mymips\release\mymips.tlog\link.command.1.tlog
e:\learning\yan\interview\cpu\computerorganization\mips_assembler\mymips\release\mymips.tlog\link.read.1.tlog
e:\learning\yan\interview\cpu\computerorganization\mips_assembler\mymips\release\mymips.tlog\link.write.1.tlog
e:\learning\yan\interview\cpu\computerorganization\mips_assembler\mymips\release\mymips.tlog\mymips.write.1u.tlog
