Release 14.7 - xst P.20131013 (nt64)
Copyright (c) 1995-2013 Xilinx, Inc.  All rights reserved.
--> Parameter TMPDIR set to xst/projnav.tmp


Total REAL time to Xst completion: 0.00 secs
Total CPU time to Xst completion: 0.12 secs
 
--> Parameter xsthdpdir set to xst


Total REAL time to Xst completion: 0.00 secs
Total CPU time to Xst completion: 0.12 secs
 
--> Reading design: top.prj

TABLE OF CONTENTS
  1) Synthesis Options Summary
  2) HDL Parsing
  3) HDL Elaboration
  4) HDL Synthesis
       4.1) HDL Synthesis Report
  5) Advanced HDL Synthesis
       5.1) Advanced HDL Synthesis Report
  6) Low Level Synthesis
  7) Partition Report
  8) Design Summary
       8.1) Primitive and Black Box Usage
       8.2) Device utilization summary
       8.3) Partition Resource Summary
       8.4) Timing Report
            8.4.1) Clock Information
            8.4.2) Asynchronous Control Signals Information
            8.4.3) Timing Summary
            8.4.4) Timing Details
            8.4.5) Cross Clock Domains Report


=========================================================================
*                      Synthesis Options Summary                        *
=========================================================================
---- Source Parameters
Input File Name                    : "top.prj"
Ignore Synthesis Constraint File   : NO

---- Target Parameters
Output File Name                   : "top"
Output Format                      : NGC
Target Device                      : xc7k160t-2L-ffg676

---- Source Options
Top Module Name                    : top
Automatic FSM Extraction           : YES
FSM Encoding Algorithm             : Auto
Safe Implementation                : No
FSM Style                          : LUT
RAM Extraction                     : Yes
RAM Style                          : Auto
ROM Extraction                     : Yes
Shift Register Extraction          : YES
ROM Style                          : Auto
Resource Sharing                   : YES
Asynchronous To Synchronous        : NO
Shift Register Minimum Size        : 2
Use DSP Block                      : Auto
Automatic Register Balancing       : No

---- Target Options
LUT Combining                      : Auto
Reduce Control Sets                : Auto
Add IO Buffers                     : YES
Global Maximum Fanout              : 100000
Add Generic Clock Buffer(BUFG)     : 32
Register Duplication               : YES
Optimize Instantiated Primitives   : NO
Use Clock Enable                   : Auto
Use Synchronous Set                : Auto
Use Synchronous Reset              : Auto
Pack IO Registers into IOBs        : Auto
Equivalent register Removal        : YES

---- General Options
Optimization Goal                  : Speed
Optimization Effort                : 1
Power Reduction                    : NO
Keep Hierarchy                     : No
Netlist Hierarchy                  : As_Optimized
RTL Output                         : Yes
Global Optimization                : AllClockNets
Read Cores                         : YES
Write Timing Constraints           : NO
Cross Clock Analysis               : NO
Hierarchy Separator                : /
Bus Delimiter                      : <>
Case Specifier                     : Maintain
Slice Utilization Ratio            : 100
BRAM Utilization Ratio             : 100
DSP48 Utilization Ratio            : 100
Auto BRAM Packing                  : NO
Slice Utilization Ratio Delta      : 5

---- Other Options
Cores Search Directories           : {"ipcore_dir"  }

=========================================================================


=========================================================================
*                          HDL Parsing                                  *
=========================================================================
Analyzing Verilog file "C:\neko\INT\Regs.v" into library work
Parsing module <Regs>.
Analyzing Verilog file "C:\neko\INT\REG32.v" into library work
Parsing module <REG32>.
Analyzing Verilog file "C:\neko\INT\MyMC14495.vf" into library work
Parsing module <MyMC14495>.
Analyzing Verilog file "C:\neko\INT\MUX4T1_32.v" into library work
Parsing module <MUX4T1_32>.
Analyzing Verilog file "C:\neko\INT\MUX2T1_5.vf" into library work
Parsing module <MUX2T1_5>.
Analyzing Verilog file "C:\neko\INT\MUX2T1_32.v" into library work
Parsing module <MUX2T1_32>.
Analyzing Verilog file "C:\neko\INT\Ext_32.v" into library work
Parsing module <Ext_32>.
Analyzing Verilog file "C:\neko\INT\ARM_INT.v" into library work
Parsing module <ARM_INT>.
Analyzing Verilog file "C:\neko\INT\ALU.v" into library work
Parsing module <ALU>.
Analyzing Verilog file "C:\neko\INT\add_32.v" into library work
Parsing module <add_32>.
Analyzing Verilog file "C:\neko\INT\SSeg_map.v" into library work
Parsing module <SSeg_map>.
Analyzing Verilog file "C:\neko\INT\SCPU_ctrl_INT.v" into library work
Parsing module <SCPU_ctrl_INT>.
Analyzing Verilog file "C:\neko\INT\P2S_IO.v" into library work
Parsing module <P2S>.
Analyzing Verilog file "C:\neko\INT\MUX8T1_8.v" into library work
Parsing module <MUX8T1_8>.
Analyzing Verilog file "C:\neko\INT\MUX8T1_32.v" into library work
Parsing module <MUX8T1_32>.
Analyzing Verilog file "C:\neko\INT\MUX2T1_64.v" into library work
Parsing module <MUX2T1_64>.
Analyzing Verilog file "C:\neko\INT\LEDP2S_IO.v" into library work
Parsing module <LEDP2S>.
Analyzing Verilog file "C:\neko\INT\HexTo8SEG.v" into library work
Parsing module <HexTo8SEG>.
Analyzing Verilog file "C:\neko\INT\Data_path.vf" into library work
Parsing module <MUX2T1_5_MUSER_Data_path>.
Parsing module <Data_path>.
Analyzing Verilog file "C:\neko\INT\SSeg7_Dev.vf" into library work
Parsing module <SSeg7_Dev>.
Analyzing Verilog file "C:\neko\INT\SPIO.v" into library work
Parsing module <SPIO>.
Analyzing Verilog file "C:\neko\INT\SEnter_2_32_IO.v" into library work
Parsing module <SEnter_2_32>.
Analyzing Verilog file "C:\neko\INT\SCPU.vf" into library work
Parsing module <MUX2T1_5_MUSER_SCPU>.
Parsing module <Data_path_MUSER_SCPU>.
Parsing module <SCPU>.
Analyzing Verilog file "C:\neko\INT\SAnti_jitter_IO.v" into library work
Parsing module <SAnti_jitter>.
Analyzing Verilog file "C:\neko\INT\Multi_8CH32.v" into library work
Parsing module <Multi_8CH32>.
Analyzing Verilog file "C:\neko\INT\MIO_BUS_IO.v" into library work
Parsing module <MIO_BUS>.
Analyzing Verilog file "C:\neko\INT\ipcore_dir\ROM_D.v" into library work
Parsing module <ROM_D>.
Analyzing Verilog file "C:\neko\INT\ipcore_dir\RAM_B.v" into library work
Parsing module <RAM_B>.
Analyzing Verilog file "C:\neko\INT\Counter_x_IO.v" into library work
Parsing module <Counter_x>.
Analyzing Verilog file "C:\neko\INT\clk_div.v" into library work
Parsing module <clk_div>.
Analyzing Verilog file "C:\neko\INT\top.vf" into library work
Parsing module <MUX2T1_5_MUSER_top>.
Parsing module <Data_path_MUSER_top>.
Parsing module <SCPU_MUSER_top>.
Parsing module <SSeg7_Dev_MUSER_top>.
Parsing module <top>.

=========================================================================
*                            HDL Elaboration                            *
=========================================================================

Elaborating module <top>.

Elaborating module <SEnter_2_32>.
WARNING:HDLCompiler:1499 - "C:\neko\INT\SEnter_2_32_IO.v" Line 21: Empty module <SEnter_2_32> remains a black box.
WARNING:HDLCompiler:1127 - "C:\neko\INT\top.vf" Line 421: Assignment to Ai ignored, since the identifier is never used
WARNING:HDLCompiler:1127 - "C:\neko\INT\top.vf" Line 422: Assignment to Bi ignored, since the identifier is never used
WARNING:HDLCompiler:1127 - "C:\neko\INT\top.vf" Line 423: Assignment to blink ignored, since the identifier is never used

Elaborating module <SCPU_MUSER_top>.

Elaborating module <SCPU_ctrl_INT>.

Elaborating module <Data_path_MUSER_top>.

Elaborating module <add_32>.

Elaborating module <Ext_32>.

Elaborating module <MUX2T1_5_MUSER_top>.

Elaborating module <INV>.

Elaborating module <AND2>.

Elaborating module <OR2>.

Elaborating module <MUX2T1_32>.

Elaborating module <REG32>.

Elaborating module <Regs>.

Elaborating module <VCC>.

Elaborating module <GND>.

Elaborating module <MUX4T1_32>.

Elaborating module <ALU>.

Elaborating module <ARM_INT>.

Elaborating module <ROM_D>.
WARNING:HDLCompiler:1499 - "C:\neko\INT\ipcore_dir\ROM_D.v" Line 39: Empty module <ROM_D> remains a black box.

Elaborating module <RAM_B>.
WARNING:HDLCompiler:1499 - "C:\neko\INT\ipcore_dir\RAM_B.v" Line 39: Empty module <RAM_B> remains a black box.

Elaborating module <MIO_BUS>.
WARNING:HDLCompiler:1499 - "C:\neko\INT\MIO_BUS_IO.v" Line 21: Empty module <MIO_BUS> remains a black box.

Elaborating module <Multi_8CH32>.

Elaborating module <MUX8T1_32>.

Elaborating module <MUX8T1_8>.

Elaborating module <SSeg7_Dev_MUSER_top>.

Elaborating module <MUX2T1_64>.

Elaborating module <HexTo8SEG>.

Elaborating module <MyMC14495>.

Elaborating module <AND4>.

Elaborating module <AND3>.

Elaborating module <OR4>.

Elaborating module <OR3>.

Elaborating module <SSeg_map>.

Elaborating module <P2S>.
WARNING:HDLCompiler:1499 - "C:\neko\INT\P2S_IO.v" Line 21: Empty module <P2S> remains a black box.

Elaborating module <SPIO>.

Elaborating module <LEDP2S(DATA_BITS=16,DATA_COUNT_BITS=4)>.
WARNING:HDLCompiler:1499 - "C:\neko\INT\LEDP2S_IO.v" Line 21: Empty module <LEDP2S(DATA_BITS=16,DATA_COUNT_BITS=4)> remains a black box.

Elaborating module <clk_div>.

Elaborating module <SAnti_jitter>.
WARNING:HDLCompiler:1499 - "C:\neko\INT\SAnti_jitter_IO.v" Line 21: Empty module <SAnti_jitter> remains a black box.
WARNING:HDLCompiler:1127 - "C:\neko\INT\top.vf" Line 524: Assignment to Pulse ignored, since the identifier is never used

Elaborating module <Counter_x>.
WARNING:HDLCompiler:1127 - "C:\neko\INT\Counter_x_IO.v" Line 43: Assignment to M2 ignored, since the identifier is never used
WARNING:HDLCompiler:634 - "C:\neko\INT\Counter_x_IO.v" Line 36: Net <counter1[32]> does not have a driver.
WARNING:HDLCompiler:1127 - "C:\neko\INT\top.vf" Line 539: Assignment to V5 ignored, since the identifier is never used
WARNING:HDLCompiler:552 - "C:\neko\INT\top.vf" Line 425: Input port MIO_ready is not connected on this instance

=========================================================================
*                           HDL Synthesis                               *
=========================================================================

Synthesizing Unit <top>.
    Related source file is "C:\neko\INT\top.vf".
WARNING:Xst:2898 - Port 'MIO_ready', unconnected in block instance 'U1', is tied to GND.
INFO:Xst:3210 - "C:\neko\INT\top.vf" line 416: Output port <Ai> of the instance <M4> is unconnected or connected to loadless signal.
INFO:Xst:3210 - "C:\neko\INT\top.vf" line 416: Output port <Bi> of the instance <M4> is unconnected or connected to loadless signal.
INFO:Xst:3210 - "C:\neko\INT\top.vf" line 416: Output port <blink> of the instance <M4> is unconnected or connected to loadless signal.
INFO:Xst:3210 - "C:\neko\INT\top.vf" line 425: Output port <CPU_MIO> of the instance <U1> is unconnected or connected to loadless signal.
INFO:Xst:3210 - "C:\neko\INT\top.vf" line 497: Output port <GPIOf0> of the instance <U7> is unconnected or connected to loadless signal.
INFO:Xst:3210 - "C:\neko\INT\top.vf" line 514: Output port <pulse_out> of the instance <U9> is unconnected or connected to loadless signal.
    Summary:
	no macro.
Unit <top> synthesized.

Synthesizing Unit <SCPU_MUSER_top>.
    Related source file is "C:\neko\INT\top.vf".
INFO:Xst:3210 - "C:\neko\INT\top.vf" line 267: Output port <overflow> of the instance <Datapath_unit> is unconnected or connected to loadless signal.
    Summary:
	no macro.
Unit <SCPU_MUSER_top> synthesized.

Synthesizing Unit <SCPU_ctrl_INT>.
    Related source file is "C:\neko\INT\SCPU_ctrl_INT.v".
WARNING:Xst:647 - Input <int_code> is never used. This port will be preserved and left unconnected if it belongs to a top-level block or it belongs to a sub-block and the hierarchy of this sub-block is preserved.
WARNING:Xst:647 - Input <MIO_ready> is never used. This port will be preserved and left unconnected if it belongs to a top-level block or it belongs to a sub-block and the hierarchy of this sub-block is preserved.
    Summary:
	no macro.
Unit <SCPU_ctrl_INT> synthesized.

Synthesizing Unit <Data_path_MUSER_top>.
    Related source file is "C:\neko\INT\top.vf".
    Summary:
	no macro.
Unit <Data_path_MUSER_top> synthesized.

Synthesizing Unit <add_32>.
    Related source file is "C:\neko\INT\add_32.v".
    Found 32-bit adder for signal <c> created at line 26.
    Summary:
	inferred   1 Adder/Subtractor(s).
Unit <add_32> synthesized.

Synthesizing Unit <Ext_32>.
    Related source file is "C:\neko\INT\Ext_32.v".
    Summary:
	no macro.
Unit <Ext_32> synthesized.

Synthesizing Unit <MUX2T1_5_MUSER_top>.
    Related source file is "C:\neko\INT\top.vf".
    Summary:
	no macro.
Unit <MUX2T1_5_MUSER_top> synthesized.

Synthesizing Unit <MUX2T1_32>.
    Related source file is "C:\neko\INT\MUX2T1_32.v".
    Summary:
	inferred   1 Multiplexer(s).
Unit <MUX2T1_32> synthesized.

Synthesizing Unit <REG32>.
    Related source file is "C:\neko\INT\REG32.v".
    Found 32-bit register for signal <Q>.
    Summary:
	inferred  32 D-type flip-flop(s).
Unit <REG32> synthesized.

Synthesizing Unit <Regs>.
    Related source file is "C:\neko\INT\Regs.v".
    Found 992-bit register for signal <n0051[991:0]>.
    Found 32-bit 31-to-1 multiplexer for signal <R_addr_A[4]_register[31][31]_wide_mux_1_OUT> created at line 30.
    Found 32-bit 31-to-1 multiplexer for signal <R_addr_B[4]_register[31][31]_wide_mux_4_OUT> created at line 31.
    Summary:
	inferred 992 D-type flip-flop(s).
	inferred  35 Multiplexer(s).
Unit <Regs> synthesized.

Synthesizing Unit <MUX4T1_32>.
    Related source file is "C:\neko\INT\MUX4T1_32.v".
    Found 32-bit 4-to-1 multiplexer for signal <o> created at line 31.
    Summary:
	inferred   1 Multiplexer(s).
Unit <MUX4T1_32> synthesized.

Synthesizing Unit <ALU>.
    Related source file is "C:\neko\INT\ALU.v".
        one = 32'b00000000000000000000000000000001
        zero_0 = 32'b00000000000000000000000000000000
WARNING:Xst:653 - Signal <overflow> is used but never assigned. This sourceless signal will be automatically connected to value GND.
    Found 32-bit subtractor for signal <res_sub> created at line 34.
    Found 32-bit subtractor for signal <GND_18_o_shamt[31]_sub_10_OUT> created at line 37.
    Found 32-bit adder for signal <res_add> created at line 33.
    Found 32-bit shifter logical right for signal <A[31]_shamt[31]_shift_right_8_OUT> created at line 37
    Found 32-bit shifter logical left for signal <A[31]_GND_18_o_shift_left_10_OUT> created at line 37
    Found 32-bit 8-to-1 multiplexer for signal <r> created at line 42.
    Found 32-bit comparator greater for signal <A[31]_B[31]_LessThan_13_o> created at line 38
    Summary:
	inferred   2 Adder/Subtractor(s).
	inferred   1 Comparator(s).
	inferred  14 Multiplexer(s).
	inferred   2 Combinational logic shifter(s).
Unit <ALU> synthesized.

Synthesizing Unit <ARM_INT>.
    Related source file is "C:\neko\INT\ARM_INT.v".
    Found 32-bit register for signal <epc>.
    Found 1-bit register for signal <handled>.
    Found 1-bit register for signal <int_req>.
    Summary:
	inferred  34 D-type flip-flop(s).
	inferred   3 Multiplexer(s).
Unit <ARM_INT> synthesized.

Synthesizing Unit <Multi_8CH32>.
    Related source file is "C:\neko\INT\Multi_8CH32.v".
WARNING:Xst:647 - Input <rst> is never used. This port will be preserved and left unconnected if it belongs to a top-level block or it belongs to a sub-block and the hierarchy of this sub-block is preserved.
    Found 8-bit register for signal <cpu_blink>.
    Found 8-bit register for signal <cpu_point>.
    Found 32-bit register for signal <disp_data>.
    Summary:
	inferred  48 D-type flip-flop(s).
Unit <Multi_8CH32> synthesized.

Synthesizing Unit <MUX8T1_32>.
    Related source file is "C:\neko\INT\MUX8T1_32.v".
    Summary:
	inferred   7 Multiplexer(s).
Unit <MUX8T1_32> synthesized.

Synthesizing Unit <MUX8T1_8>.
    Related source file is "C:\neko\INT\MUX8T1_8.v".
    Summary:
	inferred   7 Multiplexer(s).
Unit <MUX8T1_8> synthesized.

Synthesizing Unit <SSeg7_Dev_MUSER_top>.
    Related source file is "C:\neko\INT\top.vf".
    Summary:
	no macro.
Unit <SSeg7_Dev_MUSER_top> synthesized.

Synthesizing Unit <MUX2T1_64>.
    Related source file is "C:\neko\INT\MUX2T1_64.v".
    Summary:
	inferred   1 Multiplexer(s).
Unit <MUX2T1_64> synthesized.

Synthesizing Unit <HexTo8SEG>.
    Related source file is "C:\neko\INT\HexTo8SEG.v".
    Summary:
	no macro.
Unit <HexTo8SEG> synthesized.

Synthesizing Unit <MyMC14495>.
    Related source file is "C:\neko\INT\MyMC14495.vf".
    Summary:
	no macro.
Unit <MyMC14495> synthesized.

Synthesizing Unit <SSeg_map>.
    Related source file is "C:\neko\INT\SSeg_map.v".
WARNING:Xst:647 - Input <Disp_num<63:32>> is never used. This port will be preserved and left unconnected if it belongs to a top-level block or it belongs to a sub-block and the hierarchy of this sub-block is preserved.
    Summary:
	no macro.
Unit <SSeg_map> synthesized.

Synthesizing Unit <SPIO>.
    Related source file is "C:\neko\INT\SPIO.v".
    Found 2-bit register for signal <counter_set>.
    Found 16-bit register for signal <LED>.
    Found 14-bit register for signal <GPIOf0>.
    Summary:
	inferred  32 D-type flip-flop(s).
Unit <SPIO> synthesized.

Synthesizing Unit <clk_div>.
    Related source file is "C:\neko\INT\clk_div.v".
    Found 32-bit register for signal <clkdiv>.
    Found 32-bit adder for signal <clkdiv[31]_GND_41_o_add_0_OUT> created at line 30.
    Summary:
	inferred   1 Adder/Subtractor(s).
	inferred  32 D-type flip-flop(s).
	inferred   1 Multiplexer(s).
Unit <clk_div> synthesized.

Synthesizing Unit <Counter_x>.
    Related source file is "C:\neko\INT\Counter_x_IO.v".
WARNING:Xst:647 - Input <clk1> is never used. This port will be preserved and left unconnected if it belongs to a top-level block or it belongs to a sub-block and the hierarchy of this sub-block is preserved.
WARNING:Xst:647 - Input <clk2> is never used. This port will be preserved and left unconnected if it belongs to a top-level block or it belongs to a sub-block and the hierarchy of this sub-block is preserved.
WARNING:Xst:653 - Signal <counter1<32>> is used but never assigned. This sourceless signal will be automatically connected to value GND.
WARNING:Xst:653 - Signal <counter2<32>> is used but never assigned. This sourceless signal will be automatically connected to value GND.
    Found 24-bit register for signal <counter_Ctrl>.
    Found 33-bit register for signal <counter0>.
    Found 32-bit register for signal <counter0_Lock>.
    Found 1-bit register for signal <sq0>.
    Found 1-bit register for signal <M0>.
    Found 1-bit register for signal <clr0>.
    Found 33-bit subtractor for signal <counter0[32]_GND_43_o_sub_26_OUT> created at line 77.
    Found 33-bit 4-to-1 multiplexer for signal <counter_Ctrl[2]_counter0[32]_wide_mux_26_OUT> created at line 70.
    Found 1-bit comparator not equal for signal <n0017> created at line 76
    Summary:
	inferred   1 Adder/Subtractor(s).
	inferred  92 D-type flip-flop(s).
	inferred   1 Comparator(s).
	inferred   5 Multiplexer(s).
Unit <Counter_x> synthesized.

=========================================================================
HDL Synthesis Report

Macro Statistics
# Adders/Subtractors                                   : 6
 32-bit adder                                          : 3
 32-bit addsub                                         : 1
 32-bit subtractor                                     : 1
 33-bit subtractor                                     : 1
# Registers                                            : 18
 1-bit register                                        : 5
 14-bit register                                       : 1
 16-bit register                                       : 1
 2-bit register                                        : 1
 24-bit register                                       : 1
 32-bit register                                       : 5
 33-bit register                                       : 1
 8-bit register                                        : 2
 992-bit register                                      : 1
# Comparators                                          : 2
 1-bit comparator not equal                            : 1
 32-bit comparator greater                             : 1
# Multiplexers                                         : 83
 1-bit 2-to-1 multiplexer                              : 2
 32-bit 2-to-1 multiplexer                             : 57
 32-bit 31-to-1 multiplexer                            : 2
 32-bit 4-to-1 multiplexer                             : 2
 33-bit 2-to-1 multiplexer                             : 4
 33-bit 4-to-1 multiplexer                             : 1
 64-bit 2-to-1 multiplexer                             : 1
 8-bit 2-to-1 multiplexer                              : 14
# Logic shifters                                       : 2
 32-bit shifter logical left                           : 1
 32-bit shifter logical right                          : 1
# Xors                                                 : 1
 32-bit xor2                                           : 1

=========================================================================
INFO:Xst:1767 - HDL ADVISOR - Resource sharing has identified that some arithmetic operations in this design can share the same physical resources for reduced device utilization. For improved clock frequency you may try to disable resource sharing.

=========================================================================
*                       Advanced HDL Synthesis                          *
=========================================================================

Reading core <SAnti_jitter.ngc>.
Reading core <SEnter_2_32.ngc>.
Reading core <MIO_BUS.ngc>.
Reading core <ipcore_dir/RAM_B.ngc>.
Reading core <ipcore_dir/ROM_D.ngc>.
Reading core <P2S.ngc>.
Reading core <LEDP2S.ngc>.
Loading core <SAnti_jitter> for timing and area information for instance <U9>.
Loading core <SEnter_2_32> for timing and area information for instance <M4>.
Loading core <MIO_BUS> for timing and area information for instance <U4>.
Loading core <RAM_B> for timing and area information for instance <U3>.
Loading core <ROM_D> for timing and area information for instance <U2>.
Loading core <P2S> for timing and area information for instance <XLXI_1>.
Loading core <LEDP2S> for timing and area information for instance <M1>.
WARNING:Xst:2677 - Node <counter_Ctrl_0> of sequential type is unconnected in block <U10>.
WARNING:Xst:2677 - Node <counter_Ctrl_3> of sequential type is unconnected in block <U10>.
WARNING:Xst:2677 - Node <counter_Ctrl_4> of sequential type is unconnected in block <U10>.
WARNING:Xst:2677 - Node <counter_Ctrl_5> of sequential type is unconnected in block <U10>.
WARNING:Xst:2677 - Node <counter_Ctrl_6> of sequential type is unconnected in block <U10>.
WARNING:Xst:2677 - Node <counter_Ctrl_7> of sequential type is unconnected in block <U10>.
WARNING:Xst:2677 - Node <counter_Ctrl_8> of sequential type is unconnected in block <U10>.
WARNING:Xst:2677 - Node <counter_Ctrl_9> of sequential type is unconnected in block <U10>.
WARNING:Xst:2677 - Node <counter_Ctrl_10> of sequential type is unconnected in block <U10>.
WARNING:Xst:2677 - Node <counter_Ctrl_11> of sequential type is unconnected in block <U10>.
WARNING:Xst:2677 - Node <counter_Ctrl_12> of sequential type is unconnected in block <U10>.
WARNING:Xst:2677 - Node <counter_Ctrl_13> of sequential type is unconnected in block <U10>.
WARNING:Xst:2677 - Node <counter_Ctrl_14> of sequential type is unconnected in block <U10>.
WARNING:Xst:2677 - Node <counter_Ctrl_15> of sequential type is unconnected in block <U10>.
WARNING:Xst:2677 - Node <counter_Ctrl_16> of sequential type is unconnected in block <U10>.
WARNING:Xst:2677 - Node <counter_Ctrl_17> of sequential type is unconnected in block <U10>.
WARNING:Xst:2677 - Node <counter_Ctrl_18> of sequential type is unconnected in block <U10>.
WARNING:Xst:2677 - Node <counter_Ctrl_19> of sequential type is unconnected in block <U10>.
WARNING:Xst:2677 - Node <counter_Ctrl_20> of sequential type is unconnected in block <U10>.
WARNING:Xst:2677 - Node <counter_Ctrl_21> of sequential type is unconnected in block <U10>.
WARNING:Xst:2677 - Node <counter_Ctrl_22> of sequential type is unconnected in block <U10>.
WARNING:Xst:2677 - Node <counter_Ctrl_23> of sequential type is unconnected in block <U10>.

Synthesizing (advanced) Unit <clk_div>.
The following registers are absorbed into counter <clkdiv>: 1 register on signal <clkdiv>.
Unit <clk_div> synthesized (advanced).
WARNING:Xst:2677 - Node <counter_Ctrl_0> of sequential type is unconnected in block <Counter_x>.
WARNING:Xst:2677 - Node <counter_Ctrl_3> of sequential type is unconnected in block <Counter_x>.
WARNING:Xst:2677 - Node <counter_Ctrl_4> of sequential type is unconnected in block <Counter_x>.
WARNING:Xst:2677 - Node <counter_Ctrl_5> of sequential type is unconnected in block <Counter_x>.
WARNING:Xst:2677 - Node <counter_Ctrl_6> of sequential type is unconnected in block <Counter_x>.
WARNING:Xst:2677 - Node <counter_Ctrl_7> of sequential type is unconnected in block <Counter_x>.
WARNING:Xst:2677 - Node <counter_Ctrl_8> of sequential type is unconnected in block <Counter_x>.
WARNING:Xst:2677 - Node <counter_Ctrl_9> of sequential type is unconnected in block <Counter_x>.
WARNING:Xst:2677 - Node <counter_Ctrl_10> of sequential type is unconnected in block <Counter_x>.
WARNING:Xst:2677 - Node <counter_Ctrl_11> of sequential type is unconnected in block <Counter_x>.
WARNING:Xst:2677 - Node <counter_Ctrl_12> of sequential type is unconnected in block <Counter_x>.
WARNING:Xst:2677 - Node <counter_Ctrl_13> of sequential type is unconnected in block <Counter_x>.
WARNING:Xst:2677 - Node <counter_Ctrl_14> of sequential type is unconnected in block <Counter_x>.
WARNING:Xst:2677 - Node <counter_Ctrl_15> of sequential type is unconnected in block <Counter_x>.
WARNING:Xst:2677 - Node <counter_Ctrl_16> of sequential type is unconnected in block <Counter_x>.
WARNING:Xst:2677 - Node <counter_Ctrl_17> of sequential type is unconnected in block <Counter_x>.
WARNING:Xst:2677 - Node <counter_Ctrl_18> of sequential type is unconnected in block <Counter_x>.
WARNING:Xst:2677 - Node <counter_Ctrl_19> of sequential type is unconnected in block <Counter_x>.
WARNING:Xst:2677 - Node <counter_Ctrl_20> of sequential type is unconnected in block <Counter_x>.
WARNING:Xst:2677 - Node <counter_Ctrl_21> of sequential type is unconnected in block <Counter_x>.
WARNING:Xst:2677 - Node <counter_Ctrl_22> of sequential type is unconnected in block <Counter_x>.
WARNING:Xst:2677 - Node <counter_Ctrl_23> of sequential type is unconnected in block <Counter_x>.

=========================================================================
Advanced HDL Synthesis Report

Macro Statistics
# Adders/Subtractors                                   : 5
 32-bit adder                                          : 2
 32-bit addsub                                         : 1
 32-bit subtractor                                     : 1
 33-bit subtractor                                     : 1
# Counters                                             : 1
 32-bit up counter                                     : 1
# Registers                                            : 1208
 Flip-Flops                                            : 1208
# Comparators                                          : 2
 1-bit comparator not equal                            : 1
 32-bit comparator greater                             : 1
# Multiplexers                                         : 146
 1-bit 2-to-1 multiplexer                              : 67
 32-bit 2-to-1 multiplexer                             : 57
 32-bit 31-to-1 multiplexer                            : 2
 32-bit 4-to-1 multiplexer                             : 2
 33-bit 2-to-1 multiplexer                             : 2
 33-bit 4-to-1 multiplexer                             : 1
 64-bit 2-to-1 multiplexer                             : 1
 8-bit 2-to-1 multiplexer                              : 14
# Logic shifters                                       : 2
 32-bit shifter logical left                           : 1
 32-bit shifter logical right                          : 1
# Xors                                                 : 1
 32-bit xor2                                           : 1

=========================================================================

=========================================================================
*                         Low Level Synthesis                           *
=========================================================================
INFO:Xst:2261 - The FF/Latch <cpu_blink_0> in Unit <Multi_8CH32> is equivalent to the following 7 FFs/Latches, which will be removed : <cpu_blink_1> <cpu_blink_2> <cpu_blink_3> <cpu_blink_4> <cpu_blink_5> <cpu_blink_6> <cpu_blink_7> 

Optimizing unit <MyMC14495> ...

Optimizing unit <REG32> ...

Optimizing unit <MUX2T1_5_MUSER_top> ...

Optimizing unit <top> ...

Optimizing unit <HexTo8SEG> ...

Optimizing unit <Data_path_MUSER_top> ...

Optimizing unit <ALU> ...

Optimizing unit <Regs> ...

Optimizing unit <ARM_INT> ...

Optimizing unit <Multi_8CH32> ...

Optimizing unit <MUX8T1_32> ...

Optimizing unit <SPIO> ...

Optimizing unit <Counter_x> ...
WARNING:Xst:1426 - The value init of the FF/Latch U5/cpu_blink_0 hinder the constant cleaning in the block top.
   You should achieve better results by setting this init to 0.
WARNING:Xst:2677 - Node <U7/GPIOf0_13> of sequential type is unconnected in block <top>.
WARNING:Xst:2677 - Node <U7/GPIOf0_12> of sequential type is unconnected in block <top>.
WARNING:Xst:2677 - Node <U7/GPIOf0_11> of sequential type is unconnected in block <top>.
WARNING:Xst:2677 - Node <U7/GPIOf0_10> of sequential type is unconnected in block <top>.
WARNING:Xst:2677 - Node <U7/GPIOf0_9> of sequential type is unconnected in block <top>.
WARNING:Xst:2677 - Node <U7/GPIOf0_8> of sequential type is unconnected in block <top>.
WARNING:Xst:2677 - Node <U7/GPIOf0_7> of sequential type is unconnected in block <top>.
WARNING:Xst:2677 - Node <U7/GPIOf0_6> of sequential type is unconnected in block <top>.
WARNING:Xst:2677 - Node <U7/GPIOf0_5> of sequential type is unconnected in block <top>.
WARNING:Xst:2677 - Node <U7/GPIOf0_4> of sequential type is unconnected in block <top>.
WARNING:Xst:2677 - Node <U7/GPIOf0_3> of sequential type is unconnected in block <top>.
WARNING:Xst:2677 - Node <U7/GPIOf0_2> of sequential type is unconnected in block <top>.
WARNING:Xst:2677 - Node <U7/GPIOf0_1> of sequential type is unconnected in block <top>.
WARNING:Xst:2677 - Node <U7/GPIOf0_0> of sequential type is unconnected in block <top>.

Mapping all equations...
Building and optimizing final netlist ...
Found area constraint ratio of 100 (+ 5) on block top, actual ratio is 3.

Final Macro Processing ...

=========================================================================
Final Register Report

Macro Statistics
# Registers                                            : 1219
 Flip-Flops                                            : 1219

=========================================================================

=========================================================================
*                           Partition Report                            *
=========================================================================

Partition Implementation Status
-------------------------------

  No Partitions were found in this design.

-------------------------------

=========================================================================
*                            Design Summary                             *
=========================================================================

Top Level Output File Name         : top.ngc

Primitive and Black Box Usage:
------------------------------
# BELS                             : 4442
#      AND2                        : 28
#      AND3                        : 88
#      AND4                        : 72
#      GND                         : 3
#      INV                         : 107
#      LUT1                        : 131
#      LUT2                        : 72
#      LUT3                        : 1134
#      LUT4                        : 342
#      LUT5                        : 533
#      LUT6                        : 1299
#      MUXCY                       : 262
#      MUXF7                       : 14
#      OR2                         : 66
#      OR3                         : 24
#      OR4                         : 32
#      VCC                         : 5
#      XORCY                       : 230
# FlipFlops/Latches                : 1511
#      FD                          : 206
#      FDC                         : 109
#      FDCE                        : 1059
#      FDCE_1                      : 15
#      FDE                         : 89
#      FDPE_1                      : 3
#      FDR                         : 1
#      FDRE                        : 29
# RAMS                             : 1
#      RAMB36E1                    : 1
# Clock Buffers                    : 4
#      BUFG                        : 3
#      BUFGP                       : 1
# IO Buffers                       : 37
#      IBUF                        : 21
#      OBUF                        : 16

Device utilization summary:
---------------------------

Selected Device : 7k160tffg676-2l 


Slice Logic Utilization: 
 Number of Slice Registers:            1511  out of  202800     0%  
 Number of Slice LUTs:                 3618  out of  101400     3%  
    Number used as Logic:              3618  out of  101400     3%  

Slice Logic Distribution: 
 Number of LUT Flip Flop pairs used:   4219
   Number with an unused Flip Flop:    2708  out of   4219    64%  
   Number with an unused LUT:           601  out of   4219    14%  
   Number of fully used LUT-FF pairs:   910  out of   4219    21%  
   Number of unique control sets:        27

IO Utilization: 
 Number of IOs:                          38
 Number of bonded IOBs:                  38  out of    400     9%  

Specific Feature Utilization:
 Number of Block RAM/FIFO:                1  out of    325     0%  
    Number using Block RAM only:          1
 Number of BUFG/BUFGCTRLs:                4  out of     32    12%  

---------------------------
Partition Resource Summary:
---------------------------

  No Partitions were found in this design.

---------------------------


=========================================================================
Timing Report

NOTE: THESE TIMING NUMBERS ARE ONLY A SYNTHESIS ESTIMATE.
      FOR ACCURATE TIMING INFORMATION PLEASE REFER TO THE TRACE REPORT
      GENERATED AFTER PLACE-and-ROUTE.

Clock Information:
------------------
-----------------------------------+-----------------------------------------------+-------+
Clock Signal                       | Clock buffer(FF name)                         | Load  |
-----------------------------------+-----------------------------------------------+-------+
clk_100mhz                         | BUFGP                                         | 262   |
Clk_CPU(U8/Mmux_Clk_CPU11:O)       | BUFG(*)(U1/Datapath_unit/U2_2/register_31_991)| 1170  |
U9/SW_OK<15>                       | NONE(U1/Datapath_unit/XLXI_52/int_req)        | 1     |
U8/clkdiv_6                        | BUFG                                          | 35    |
U9/clk1                            | BUFG                                          | 41    |
M4/push(M4/push1:O)                | NONE(*)(M4/state_0)                           | 3     |
-----------------------------------+-----------------------------------------------+-------+
(*) These 2 clock signal(s) are generated by combinatorial logic,
and XST is not able to identify which are the primary clock signals.
Please use the CLOCK_SIGNAL constraint to specify the clock signal(s) generated by combinatorial logic.
INFO:Xst:2169 - HDL ADVISOR - Some clock signals were not automatically buffered by XST with BUFG/BUFR resources. Please use the buffer_type constraint in order to insert these buffers to the clock signals to help prevent skew problems.

Asynchronous Control Signals Information:
----------------------------------------
-----------------------------------+-----------------------------------------------------------------------------------------------------------------------------------------+-------+
Control Signal                     | Buffer(FF name)                                                                                                                         | Load  |
-----------------------------------+-----------------------------------------------------------------------------------------------------------------------------------------+-------+
U3/N1(U3/XST_GND:G)                | NONE(U3/U0/xst_blk_mem_generator/gnativebmg.native_blk_mem_gen/valid.cstr/ramloop[0].ram.r/v6_init.ram/NO_BMM_INFO.SP.SIMPLE_PRIM36.ram)| 2     |
-----------------------------------+-----------------------------------------------------------------------------------------------------------------------------------------+-------+

Timing Summary:
---------------
Speed Grade: -2

   Minimum period: 17.113ns (Maximum Frequency: 58.437MHz)
   Minimum input arrival time before clock: 2.109ns
   Maximum output required time after clock: 2.336ns
   Maximum combinational path delay: No path found

Timing Details:
---------------
All values displayed in nanoseconds (ns)

=========================================================================
Timing constraint: Default period analysis for Clock 'clk_100mhz'
  Clock period: 5.655ns (frequency: 176.821MHz)
  Total number of paths / destination ports: 11953 / 333
-------------------------------------------------------------------------
Delay:               5.655ns (Levels of Logic = 11)
  Source:            U9/SW_OK_15 (FF)
  Destination:       U6/XLXI_1/buffer_36 (FF)
  Source Clock:      clk_100mhz rising
  Destination Clock: clk_100mhz rising

  Data Path: U9/SW_OK_15 to U6/XLXI_1/buffer_36
                                Gate     Net
    Cell:in->out      fanout   Delay   Delay  Logical Name (Net Name)
    ----------------------------------------  ------------
     FDE:C->Q             81   0.236   0.544  SW_OK_15 (SW_OK<15>)
     end scope: 'U9:SW_OK<15>'
     begin scope: 'U4:SW<15>'
     LUT6:I4->O            2   0.043   0.500  Mmux_Cpu_data4bus71 (Cpu_data4bus<15>)
     end scope: 'U4:Cpu_data4bus<15>'
     LUT6:I3->O            3   0.043   0.417  U5/MUX1_DispData/Mmux_o212 (U5/MUX1_DispData/Mmux_o211)
     LUT3:I1->O            8   0.043   0.378  U5/MUX1_DispData/Mmux_o213 (Disp_num<15>)
     INV:I->O             11   0.317   0.551  U6/SM1/M3/XLXI_1 (U6/SM1/M3/XLXN_5)
     AND4:I3->O            2   0.161   0.500  U6/SM1/M3/AD20 (U6/SM1/M3/XLXN_73)
     OR4:I3->O             1   0.161   0.603  U6/SM1/M3/XLXI_41 (U6/SM1/M3/XLXN_104)
     OR2:I1->O             1   0.053   0.405  U6/SM1/M3/XLXI_48 (U6/XLXN_1<36>)
     LUT3:I1->O            1   0.043   0.613  U6/MUXSH2M/Mmux_o301 (U6/XLXN_9<36>)
     begin scope: 'U6/XLXI_1:P_Data<36>'
     LUT6:I0->O            1   0.043   0.000  buffer_36_rstpot (buffer_36_rstpot)
     FD:D                     -0.000          buffer_36
    ----------------------------------------
    Total                      5.655ns (1.143ns logic, 4.512ns route)
                                       (20.2% logic, 79.8% route)

=========================================================================
Timing constraint: Default period analysis for Clock 'Clk_CPU'
  Clock period: 17.113ns (frequency: 58.437MHz)
  Total number of paths / destination ports: 76856820430 / 2278
-------------------------------------------------------------------------
Delay:               8.556ns (Levels of Logic = 43)
  Source:            U1/Datapath_unit/PC/Q_10 (FF)
  Destination:       U5/cpu_blink_0 (FF)
  Source Clock:      Clk_CPU rising
  Destination Clock: Clk_CPU falling

  Data Path: U1/Datapath_unit/PC/Q_10 to U5/cpu_blink_0
                                Gate     Net
    Cell:in->out      fanout   Delay   Delay  Logical Name (Net Name)
    ----------------------------------------  ------------
     FDC:C->Q             55   0.236   0.747  U1/Datapath_unit/PC/Q_10 (U1/Datapath_unit/PC/Q_10)
     begin scope: 'U2:a<8>'
     LUT6:I0->O            1   0.043   0.522  U0/xst_options.dist_mem_inst/gen_rom.rom_inst/Mram_spo_int66112 (U0/xst_options.dist_mem_inst/gen_rom.rom_inst/Mram_spo_int66111)
     LUT6:I2->O            1   0.043   0.495  U0/xst_options.dist_mem_inst/gen_rom.rom_inst/Mram_spo_int66115 (U0/xst_options.dist_mem_inst/gen_rom.rom_inst/Mram_spo_int66114)
     LUT3:I0->O          259   0.043   0.522  U0/xst_options.dist_mem_inst/gen_rom.rom_inst/Mram_spo_int66116 (spo<22>)
     end scope: 'U2:spo<22>'
     LUT5:I4->O            1   0.043   0.522  U1/Datapath_unit/U2_2/Mmux_R_addr_A[4]_register[31][31]_wide_mux_1_OUT_829 (U1/Datapath_unit/U2_2/Mmux_R_addr_A[4]_register[31][31]_wide_mux_1_OUT_829)
     LUT6:I2->O            1   0.043   0.405  U1/Datapath_unit/U2_2/Mmux_R_addr_A[4]_register[31][31]_wide_mux_1_OUT_49 (U1/Datapath_unit/U2_2/Mmux_R_addr_A[4]_register[31][31]_wide_mux_1_OUT_49)
     LUT4:I2->O           14   0.043   0.567  U1/Datapath_unit/U2_2/Mmux_rdata_A101 (U1/Datapath_unit/rdata_A<18>)
     LUT5:I2->O            4   0.043   0.512  U1/Datapath_unit/XLXI_51/Sh11511 (U1/Datapath_unit/XLXI_51/Sh1151)
     LUT5:I2->O            5   0.043   0.518  U1/Datapath_unit/XLXI_51/Sh4411 (U1/Datapath_unit/XLXI_51/Sh441)
     LUT6:I3->O            1   0.043   0.405  U1/Datapath_unit/XLXI_51/Mmux_r7_A110_SW3 (N134)
     LUT6:I4->O            2   0.043   0.355  U1/Datapath_unit/XLXI_51/Mmux_r7_A110 (U1/Datapath_unit/XLXI_51/Mmux_r7_A110)
     LUT6:I5->O            1   0.043   0.000  U1/Datapath_unit/XLXI_51/Mmux_r7_rs_lut<0> (U1/Datapath_unit/XLXI_51/Mmux_r7_rs_lut<0>)
     MUXCY:S->O            1   0.238   0.000  U1/Datapath_unit/XLXI_51/Mmux_r7_rs_cy<0> (U1/Datapath_unit/XLXI_51/Mmux_r7_rs_cy<0>)
     MUXCY:CI->O           1   0.013   0.000  U1/Datapath_unit/XLXI_51/Mmux_r7_rs_cy<1> (U1/Datapath_unit/XLXI_51/Mmux_r7_rs_cy<1>)
     MUXCY:CI->O           1   0.013   0.000  U1/Datapath_unit/XLXI_51/Mmux_r7_rs_cy<2> (U1/Datapath_unit/XLXI_51/Mmux_r7_rs_cy<2>)
     MUXCY:CI->O           1   0.014   0.000  U1/Datapath_unit/XLXI_51/Mmux_r7_rs_cy<3> (U1/Datapath_unit/XLXI_51/Mmux_r7_rs_cy<3>)
     MUXCY:CI->O           1   0.013   0.000  U1/Datapath_unit/XLXI_51/Mmux_r7_rs_cy<4> (U1/Datapath_unit/XLXI_51/Mmux_r7_rs_cy<4>)
     MUXCY:CI->O           1   0.013   0.000  U1/Datapath_unit/XLXI_51/Mmux_r7_rs_cy<5> (U1/Datapath_unit/XLXI_51/Mmux_r7_rs_cy<5>)
     MUXCY:CI->O           1   0.013   0.000  U1/Datapath_unit/XLXI_51/Mmux_r7_rs_cy<6> (U1/Datapath_unit/XLXI_51/Mmux_r7_rs_cy<6>)
     MUXCY:CI->O           1   0.013   0.000  U1/Datapath_unit/XLXI_51/Mmux_r7_rs_cy<7> (U1/Datapath_unit/XLXI_51/Mmux_r7_rs_cy<7>)
     MUXCY:CI->O           1   0.013   0.000  U1/Datapath_unit/XLXI_51/Mmux_r7_rs_cy<8> (U1/Datapath_unit/XLXI_51/Mmux_r7_rs_cy<8>)
     MUXCY:CI->O           1   0.013   0.000  U1/Datapath_unit/XLXI_51/Mmux_r7_rs_cy<9> (U1/Datapath_unit/XLXI_51/Mmux_r7_rs_cy<9>)
     MUXCY:CI->O           1   0.013   0.000  U1/Datapath_unit/XLXI_51/Mmux_r7_rs_cy<10> (U1/Datapath_unit/XLXI_51/Mmux_r7_rs_cy<10>)
     MUXCY:CI->O           1   0.013   0.000  U1/Datapath_unit/XLXI_51/Mmux_r7_rs_cy<11> (U1/Datapath_unit/XLXI_51/Mmux_r7_rs_cy<11>)
     MUXCY:CI->O           1   0.013   0.000  U1/Datapath_unit/XLXI_51/Mmux_r7_rs_cy<12> (U1/Datapath_unit/XLXI_51/Mmux_r7_rs_cy<12>)
     MUXCY:CI->O           1   0.013   0.000  U1/Datapath_unit/XLXI_51/Mmux_r7_rs_cy<13> (U1/Datapath_unit/XLXI_51/Mmux_r7_rs_cy<13>)
     MUXCY:CI->O           1   0.013   0.000  U1/Datapath_unit/XLXI_51/Mmux_r7_rs_cy<14> (U1/Datapath_unit/XLXI_51/Mmux_r7_rs_cy<14>)
     MUXCY:CI->O           1   0.013   0.000  U1/Datapath_unit/XLXI_51/Mmux_r7_rs_cy<15> (U1/Datapath_unit/XLXI_51/Mmux_r7_rs_cy<15>)
     MUXCY:CI->O           1   0.013   0.000  U1/Datapath_unit/XLXI_51/Mmux_r7_rs_cy<16> (U1/Datapath_unit/XLXI_51/Mmux_r7_rs_cy<16>)
     MUXCY:CI->O           1   0.013   0.000  U1/Datapath_unit/XLXI_51/Mmux_r7_rs_cy<17> (U1/Datapath_unit/XLXI_51/Mmux_r7_rs_cy<17>)
     MUXCY:CI->O           1   0.013   0.000  U1/Datapath_unit/XLXI_51/Mmux_r7_rs_cy<18> (U1/Datapath_unit/XLXI_51/Mmux_r7_rs_cy<18>)
     MUXCY:CI->O           1   0.013   0.000  U1/Datapath_unit/XLXI_51/Mmux_r7_rs_cy<19> (U1/Datapath_unit/XLXI_51/Mmux_r7_rs_cy<19>)
     MUXCY:CI->O           1   0.013   0.000  U1/Datapath_unit/XLXI_51/Mmux_r7_rs_cy<20> (U1/Datapath_unit/XLXI_51/Mmux_r7_rs_cy<20>)
     MUXCY:CI->O           1   0.013   0.000  U1/Datapath_unit/XLXI_51/Mmux_r7_rs_cy<21> (U1/Datapath_unit/XLXI_51/Mmux_r7_rs_cy<21>)
     MUXCY:CI->O           1   0.013   0.000  U1/Datapath_unit/XLXI_51/Mmux_r7_rs_cy<22> (U1/Datapath_unit/XLXI_51/Mmux_r7_rs_cy<22>)
     MUXCY:CI->O           1   0.013   0.000  U1/Datapath_unit/XLXI_51/Mmux_r7_rs_cy<23> (U1/Datapath_unit/XLXI_51/Mmux_r7_rs_cy<23>)
     MUXCY:CI->O           1   0.013   0.000  U1/Datapath_unit/XLXI_51/Mmux_r7_rs_cy<24> (U1/Datapath_unit/XLXI_51/Mmux_r7_rs_cy<24>)
     MUXCY:CI->O           1   0.013   0.000  U1/Datapath_unit/XLXI_51/Mmux_r7_rs_cy<25> (U1/Datapath_unit/XLXI_51/Mmux_r7_rs_cy<25>)
     MUXCY:CI->O           1   0.013   0.000  U1/Datapath_unit/XLXI_51/Mmux_r7_rs_cy<26> (U1/Datapath_unit/XLXI_51/Mmux_r7_rs_cy<26>)
     MUXCY:CI->O           1   0.013   0.000  U1/Datapath_unit/XLXI_51/Mmux_r7_rs_cy<27> (U1/Datapath_unit/XLXI_51/Mmux_r7_rs_cy<27>)
     XORCY:CI->O          52   0.262   0.737  U1/Datapath_unit/XLXI_51/Mmux_r7_rs_xor<28> (Addr_out<28>)
     begin scope: 'U4:addr_bus<28>'
     LUT5:I0->O           41   0.043   0.470  Mmux_GPIOe0000000_we11 (GPIOe0000000_we)
     end scope: 'U4:GPIOe0000000_we'
     FDE:CE                    0.161          U5/cpu_point_0
    ----------------------------------------
    Total                      8.556ns (1.778ns logic, 6.779ns route)
                                       (20.8% logic, 79.2% route)

=========================================================================
Timing constraint: Default period analysis for Clock 'U8/clkdiv_6'
  Clock period: 2.221ns (frequency: 450.288MHz)
  Total number of paths / destination ports: 787 / 36
-------------------------------------------------------------------------
Delay:               2.221ns (Levels of Logic = 35)
  Source:            U10/counter0_0 (FF)
  Destination:       U10/counter0_32 (FF)
  Source Clock:      U8/clkdiv_6 rising
  Destination Clock: U8/clkdiv_6 rising

  Data Path: U10/counter0_0 to U10/counter0_32
                                Gate     Net
    Cell:in->out      fanout   Delay   Delay  Logical Name (Net Name)
    ----------------------------------------  ------------
     FDC:C->Q              4   0.236   0.367  U10/counter0_0 (U10/counter0_0)
     LUT1:I0->O            1   0.043   0.000  U10/Msub_counter0[32]_GND_43_o_sub_26_OUT_cy<0>_rt (U10/Msub_counter0[32]_GND_43_o_sub_26_OUT_cy<0>_rt)
     MUXCY:S->O            1   0.238   0.000  U10/Msub_counter0[32]_GND_43_o_sub_26_OUT_cy<0> (U10/Msub_counter0[32]_GND_43_o_sub_26_OUT_cy<0>)
     MUXCY:CI->O           1   0.013   0.000  U10/Msub_counter0[32]_GND_43_o_sub_26_OUT_cy<1> (U10/Msub_counter0[32]_GND_43_o_sub_26_OUT_cy<1>)
     MUXCY:CI->O           1   0.013   0.000  U10/Msub_counter0[32]_GND_43_o_sub_26_OUT_cy<2> (U10/Msub_counter0[32]_GND_43_o_sub_26_OUT_cy<2>)
     MUXCY:CI->O           1   0.013   0.000  U10/Msub_counter0[32]_GND_43_o_sub_26_OUT_cy<3> (U10/Msub_counter0[32]_GND_43_o_sub_26_OUT_cy<3>)
     MUXCY:CI->O           1   0.013   0.000  U10/Msub_counter0[32]_GND_43_o_sub_26_OUT_cy<4> (U10/Msub_counter0[32]_GND_43_o_sub_26_OUT_cy<4>)
     MUXCY:CI->O           1   0.013   0.000  U10/Msub_counter0[32]_GND_43_o_sub_26_OUT_cy<5> (U10/Msub_counter0[32]_GND_43_o_sub_26_OUT_cy<5>)
     MUXCY:CI->O           1   0.013   0.000  U10/Msub_counter0[32]_GND_43_o_sub_26_OUT_cy<6> (U10/Msub_counter0[32]_GND_43_o_sub_26_OUT_cy<6>)
     MUXCY:CI->O           1   0.013   0.000  U10/Msub_counter0[32]_GND_43_o_sub_26_OUT_cy<7> (U10/Msub_counter0[32]_GND_43_o_sub_26_OUT_cy<7>)
     MUXCY:CI->O           1   0.013   0.000  U10/Msub_counter0[32]_GND_43_o_sub_26_OUT_cy<8> (U10/Msub_counter0[32]_GND_43_o_sub_26_OUT_cy<8>)
     MUXCY:CI->O           1   0.013   0.000  U10/Msub_counter0[32]_GND_43_o_sub_26_OUT_cy<9> (U10/Msub_counter0[32]_GND_43_o_sub_26_OUT_cy<9>)
     MUXCY:CI->O           1   0.013   0.000  U10/Msub_counter0[32]_GND_43_o_sub_26_OUT_cy<10> (U10/Msub_counter0[32]_GND_43_o_sub_26_OUT_cy<10>)
     MUXCY:CI->O           1   0.013   0.000  U10/Msub_counter0[32]_GND_43_o_sub_26_OUT_cy<11> (U10/Msub_counter0[32]_GND_43_o_sub_26_OUT_cy<11>)
     MUXCY:CI->O           1   0.013   0.000  U10/Msub_counter0[32]_GND_43_o_sub_26_OUT_cy<12> (U10/Msub_counter0[32]_GND_43_o_sub_26_OUT_cy<12>)
     MUXCY:CI->O           1   0.013   0.000  U10/Msub_counter0[32]_GND_43_o_sub_26_OUT_cy<13> (U10/Msub_counter0[32]_GND_43_o_sub_26_OUT_cy<13>)
     MUXCY:CI->O           1   0.013   0.000  U10/Msub_counter0[32]_GND_43_o_sub_26_OUT_cy<14> (U10/Msub_counter0[32]_GND_43_o_sub_26_OUT_cy<14>)
     MUXCY:CI->O           1   0.013   0.000  U10/Msub_counter0[32]_GND_43_o_sub_26_OUT_cy<15> (U10/Msub_counter0[32]_GND_43_o_sub_26_OUT_cy<15>)
     MUXCY:CI->O           1   0.013   0.000  U10/Msub_counter0[32]_GND_43_o_sub_26_OUT_cy<16> (U10/Msub_counter0[32]_GND_43_o_sub_26_OUT_cy<16>)
     MUXCY:CI->O           1   0.013   0.000  U10/Msub_counter0[32]_GND_43_o_sub_26_OUT_cy<17> (U10/Msub_counter0[32]_GND_43_o_sub_26_OUT_cy<17>)
     MUXCY:CI->O           1   0.013   0.000  U10/Msub_counter0[32]_GND_43_o_sub_26_OUT_cy<18> (U10/Msub_counter0[32]_GND_43_o_sub_26_OUT_cy<18>)
     MUXCY:CI->O           1   0.013   0.000  U10/Msub_counter0[32]_GND_43_o_sub_26_OUT_cy<19> (U10/Msub_counter0[32]_GND_43_o_sub_26_OUT_cy<19>)
     MUXCY:CI->O           1   0.013   0.000  U10/Msub_counter0[32]_GND_43_o_sub_26_OUT_cy<20> (U10/Msub_counter0[32]_GND_43_o_sub_26_OUT_cy<20>)
     MUXCY:CI->O           1   0.013   0.000  U10/Msub_counter0[32]_GND_43_o_sub_26_OUT_cy<21> (U10/Msub_counter0[32]_GND_43_o_sub_26_OUT_cy<21>)
     MUXCY:CI->O           1   0.013   0.000  U10/Msub_counter0[32]_GND_43_o_sub_26_OUT_cy<22> (U10/Msub_counter0[32]_GND_43_o_sub_26_OUT_cy<22>)
     MUXCY:CI->O           1   0.013   0.000  U10/Msub_counter0[32]_GND_43_o_sub_26_OUT_cy<23> (U10/Msub_counter0[32]_GND_43_o_sub_26_OUT_cy<23>)
     MUXCY:CI->O           1   0.013   0.000  U10/Msub_counter0[32]_GND_43_o_sub_26_OUT_cy<24> (U10/Msub_counter0[32]_GND_43_o_sub_26_OUT_cy<24>)
     MUXCY:CI->O           1   0.013   0.000  U10/Msub_counter0[32]_GND_43_o_sub_26_OUT_cy<25> (U10/Msub_counter0[32]_GND_43_o_sub_26_OUT_cy<25>)
     MUXCY:CI->O           1   0.013   0.000  U10/Msub_counter0[32]_GND_43_o_sub_26_OUT_cy<26> (U10/Msub_counter0[32]_GND_43_o_sub_26_OUT_cy<26>)
     MUXCY:CI->O           1   0.013   0.000  U10/Msub_counter0[32]_GND_43_o_sub_26_OUT_cy<27> (U10/Msub_counter0[32]_GND_43_o_sub_26_OUT_cy<27>)
     MUXCY:CI->O           1   0.013   0.000  U10/Msub_counter0[32]_GND_43_o_sub_26_OUT_cy<28> (U10/Msub_counter0[32]_GND_43_o_sub_26_OUT_cy<28>)
     MUXCY:CI->O           1   0.013   0.000  U10/Msub_counter0[32]_GND_43_o_sub_26_OUT_cy<29> (U10/Msub_counter0[32]_GND_43_o_sub_26_OUT_cy<29>)
     MUXCY:CI->O           1   0.013   0.000  U10/Msub_counter0[32]_GND_43_o_sub_26_OUT_cy<30> (U10/Msub_counter0[32]_GND_43_o_sub_26_OUT_cy<30>)
     MUXCY:CI->O           0   0.013   0.000  U10/Msub_counter0[32]_GND_43_o_sub_26_OUT_cy<31> (U10/Msub_counter0[32]_GND_43_o_sub_26_OUT_cy<31>)
     XORCY:CI->O           1   0.262   0.613  U10/Msub_counter0[32]_GND_43_o_sub_26_OUT_xor<32> (U10/counter0[32]_GND_43_o_sub_26_OUT<32>)
     LUT6:I0->O            1   0.043   0.000  U10/Mmux_counter_Ctrl[2]_counter0[32]_wide_mux_26_OUT262 (U10/counter_Ctrl[2]_counter0[32]_wide_mux_26_OUT<32>)
     FDC:D                    -0.000          U10/counter0_32
    ----------------------------------------
    Total                      2.221ns (1.240ns logic, 0.980ns route)
                                       (55.9% logic, 44.1% route)

=========================================================================
Timing constraint: Default period analysis for Clock 'U9/clk1'
  Clock period: 2.152ns (frequency: 464.587MHz)
  Total number of paths / destination ports: 1454 / 90
-------------------------------------------------------------------------
Delay:               2.152ns (Levels of Logic = 7)
  Source:            U9/counter_8 (FF)
  Destination:       U9/Key_x_0 (FF)
  Source Clock:      U9/clk1 rising
  Destination Clock: U9/clk1 rising

  Data Path: U9/counter_8 to U9/Key_x_0
                                Gate     Net
    Cell:in->out      fanout   Delay   Delay  Logical Name (Net Name)
    ----------------------------------------  ------------
     FDRE:C->Q             3   0.236   0.615  counter_8 (counter<8>)
     LUT5:I0->O            1   0.043   0.000  Mcompar_counter[31]_GND_1_o_LessThan_5_o_lut<0> (Mcompar_counter[31]_GND_1_o_LessThan_5_o_lut<0>)
     MUXCY:S->O            1   0.238   0.000  Mcompar_counter[31]_GND_1_o_LessThan_5_o_cy<0> (Mcompar_counter[31]_GND_1_o_LessThan_5_o_cy<0>)
     MUXCY:CI->O           1   0.013   0.000  Mcompar_counter[31]_GND_1_o_LessThan_5_o_cy<1> (Mcompar_counter[31]_GND_1_o_LessThan_5_o_cy<1>)
     MUXCY:CI->O           1   0.013   0.000  Mcompar_counter[31]_GND_1_o_LessThan_5_o_cy<2> (Mcompar_counter[31]_GND_1_o_LessThan_5_o_cy<2>)
     MUXCY:CI->O           1   0.013   0.000  Mcompar_counter[31]_GND_1_o_LessThan_5_o_cy<3> (Mcompar_counter[31]_GND_1_o_LessThan_5_o_cy<3>)
     MUXCY:CI->O           8   0.013   0.378  Mcompar_counter[31]_GND_1_o_LessThan_5_o_cy<4> (Mcompar_counter[31]_GND_1_o_LessThan_5_o_cy<4>)
     INV:I->O              7   0.054   0.373  _n0225_inv1_cepot_INV_0 (_n0225_inv1_cepot)
     FDE:CE                    0.161          Key_x_0
    ----------------------------------------
    Total                      2.152ns (0.786ns logic, 1.366ns route)
                                       (36.5% logic, 63.5% route)

=========================================================================
Timing constraint: Default period analysis for Clock 'M4/push'
  Clock period: 1.069ns (frequency: 935.060MHz)
  Total number of paths / destination ports: 6 / 3
-------------------------------------------------------------------------
Delay:               1.069ns (Levels of Logic = 1)
  Source:            M4/state_0 (FF)
  Destination:       M4/state_0 (FF)
  Source Clock:      M4/push rising
  Destination Clock: M4/push rising

  Data Path: M4/state_0 to M4/state_0
                                Gate     Net
    Cell:in->out      fanout   Delay   Delay  Logical Name (Net Name)
    ----------------------------------------  ------------
     FDE:C->Q             19   0.236   0.440  state_0 (state<0>)
     INV:I->O              1   0.054   0.339  Result<0>1_INV_0 (Result<0>)
     FDE:D                    -0.000          state_0
    ----------------------------------------
    Total                      1.069ns (0.290ns logic, 0.779ns route)
                                       (27.1% logic, 72.9% route)

=========================================================================
Timing constraint: Default OFFSET IN BEFORE for Clock 'clk_100mhz'
  Total number of paths / destination ports: 1195 / 100
-------------------------------------------------------------------------
Offset:              2.089ns (Levels of Logic = 10)
  Source:            SW<2> (PAD)
  Destination:       U9/SW_OK_0 (FF)
  Destination Clock: clk_100mhz rising

  Data Path: SW<2> to U9/SW_OK_0
                                Gate     Net
    Cell:in->out      fanout   Delay   Delay  Logical Name (Net Name)
    ----------------------------------------  ------------
     IBUF:I->O             3   0.000   0.625  SW_2_IBUF (SW_2_IBUF)
     begin scope: 'U9:SW<2>'
     LUT6:I0->O            1   0.043   0.000  Mcompar_sw_temp[15]_SW[15]_not_equal_100_o_lut<0> (Mcompar_sw_temp[15]_SW[15]_not_equal_100_o_lut<0>)
     MUXCY:S->O            1   0.238   0.000  Mcompar_sw_temp[15]_SW[15]_not_equal_100_o_cy<0> (Mcompar_sw_temp[15]_SW[15]_not_equal_100_o_cy<0>)
     MUXCY:CI->O           1   0.013   0.000  Mcompar_sw_temp[15]_SW[15]_not_equal_100_o_cy<1> (Mcompar_sw_temp[15]_SW[15]_not_equal_100_o_cy<1>)
     MUXCY:CI->O           1   0.013   0.000  Mcompar_sw_temp[15]_SW[15]_not_equal_100_o_cy<2> (Mcompar_sw_temp[15]_SW[15]_not_equal_100_o_cy<2>)
     MUXCY:CI->O           1   0.013   0.000  Mcompar_sw_temp[15]_SW[15]_not_equal_100_o_cy<3> (Mcompar_sw_temp[15]_SW[15]_not_equal_100_o_cy<3>)
     MUXCY:CI->O           1   0.013   0.000  Mcompar_sw_temp[15]_SW[15]_not_equal_100_o_cy<4> (Mcompar_sw_temp[15]_SW[15]_not_equal_100_o_cy<4>)
     MUXCY:CI->O          43   0.013   0.471  Mcompar_sw_temp[15]_SW[15]_not_equal_100_o_cy<5> (sw_temp[15]_SW[15]_not_equal_100_o)
     INV:I->O             17   0.054   0.429  _n0243_inv1_cepot_cepot_INV_0 (_n0243_inv1_cepot_cepot)
     FDE:CE                    0.161          SW_OK_0
    ----------------------------------------
    Total                      2.089ns (0.563ns logic, 1.525ns route)
                                       (27.0% logic, 73.0% route)

=========================================================================
Timing constraint: Default OFFSET IN BEFORE for Clock 'U9/clk1'
  Total number of paths / destination ports: 176 / 41
-------------------------------------------------------------------------
Offset:              2.109ns (Levels of Logic = 6)
  Source:            BTN_y<3> (PAD)
  Destination:       U9/Key_x_1 (FF)
  Destination Clock: U9/clk1 rising

  Data Path: BTN_y<3> to U9/Key_x_1
                                Gate     Net
    Cell:in->out      fanout   Delay   Delay  Logical Name (Net Name)
    ----------------------------------------  ------------
     IBUF:I->O             6   0.000   0.550  BTN_y_3_IBUF (BTN_y_3_IBUF)
     begin scope: 'U9:Key_y<3>'
     LUT4:I0->O           12   0.043   0.674  out1 (n0016)
     LUT6:I0->O            3   0.043   0.362  _n0295<0>1 (_n0295<0>)
     LUT6:I5->O            1   0.043   0.350  Key_x[4]_PWR_1_o_select_74_OUT<1>1 (Key_x[4]_PWR_1_o_select_74_OUT<4>)
     LUT3:I2->O            1   0.043   0.000  Key_x_4_dpot (Key_x_4_dpot)
     FDE:D                    -0.000          Key_x_4
    ----------------------------------------
    Total                      2.109ns (0.172ns logic, 1.937ns route)
                                       (8.2% logic, 91.8% route)

=========================================================================
Timing constraint: Default OFFSET OUT AFTER for Clock 'U9/clk1'
  Total number of paths / destination ports: 6 / 6
-------------------------------------------------------------------------
Offset:              0.658ns (Levels of Logic = 2)
  Source:            U9/Key_x_4 (FF)
  Destination:       BTN_x<4> (PAD)
  Source Clock:      U9/clk1 rising

  Data Path: U9/Key_x_4 to BTN_x<4>
                                Gate     Net
    Cell:in->out      fanout   Delay   Delay  Logical Name (Net Name)
    ----------------------------------------  ------------
     FDE:C->Q             16   0.236   0.422  Key_x_4 (Key_x<4>)
     end scope: 'U9:Key_x<4>'
     OBUF:I->O                 0.000          BTN_x_4_OBUF (BTN_x<4>)
    ----------------------------------------
    Total                      0.658ns (0.236ns logic, 0.422ns route)
                                       (35.8% logic, 64.2% route)

=========================================================================
Timing constraint: Default OFFSET OUT AFTER for Clock 'clk_100mhz'
  Total number of paths / destination ports: 8 / 6
-------------------------------------------------------------------------
Offset:              2.018ns (Levels of Logic = 6)
  Source:            U9/SW_OK_2 (FF)
  Destination:       led_clk (PAD)
  Source Clock:      clk_100mhz rising

  Data Path: U9/SW_OK_2 to led_clk
                                Gate     Net
    Cell:in->out      fanout   Delay   Delay  Logical Name (Net Name)
    ----------------------------------------  ------------
     FDE:C->Q              3   0.236   0.507  SW_OK_2 (SW_OK<2>)
     end scope: 'U9:SW_OK<2>'
     LUT3:I0->O            1   0.043   0.339  U8/Mmux_Clk_CPU11 (Clk_CPU)
     INV:I->O             20   0.054   0.456  Clk_CPU_BUFG_INV (Clk_CPU_BUFG_INV)
     begin scope: 'U7/M1:clk'
     LUT2:I1->O            1   0.043   0.339  sclk1 (sclk)
     end scope: 'U7/M1:sclk'
     OBUF:I->O                 0.000          led_clk_OBUF (led_clk)
    ----------------------------------------
    Total                      2.018ns (0.376ns logic, 1.642ns route)
                                       (18.6% logic, 81.4% route)

=========================================================================
Timing constraint: Default OFFSET OUT AFTER for Clock 'Clk_CPU'
  Total number of paths / destination ports: 35 / 3
-------------------------------------------------------------------------
Offset:              2.336ns (Levels of Logic = 5)
  Source:            U7/M1/Q_5 (FF)
  Destination:       LED_PEN (PAD)
  Source Clock:      Clk_CPU falling

  Data Path: U7/M1/Q_5 to LED_PEN
                                Gate     Net
    Cell:in->out      fanout   Delay   Delay  Logical Name (Net Name)
    ----------------------------------------  ------------
     FD:C->Q               3   0.236   0.625  Q_5 (Q<5>)
     LUT6:I0->O            2   0.043   0.410  out2 (out1)
     LUT6:I4->O           19   0.043   0.596  out3 (finish)
     LUT3:I0->O            1   0.043   0.339  Mmux_EN11 (EN)
     end scope: 'U7/M1:EN'
     OBUF:I->O                 0.000          LED_PEN_OBUF (LED_PEN)
    ----------------------------------------
    Total                      2.336ns (0.365ns logic, 1.971ns route)
                                       (15.6% logic, 84.4% route)

=========================================================================

Cross Clock Domains Report:
--------------------------

Clock to Setup on destination clock Clk_CPU
---------------+---------+---------+---------+---------+
               | Src:Rise| Src:Fall| Src:Rise| Src:Fall|
Source Clock   |Dest:Rise|Dest:Rise|Dest:Fall|Dest:Fall|
---------------+---------+---------+---------+---------+
Clk_CPU        |   10.416|         |    8.556|         |
U8/clkdiv_6    |    1.917|         |    0.897|         |
U9/SW_OK<15>   |    1.389|         |         |         |
clk_100mhz     |    1.894|         |    1.125|         |
---------------+---------+---------+---------+---------+

Clock to Setup on destination clock M4/push
---------------+---------+---------+---------+---------+
               | Src:Rise| Src:Fall| Src:Rise| Src:Fall|
Source Clock   |Dest:Rise|Dest:Rise|Dest:Fall|Dest:Fall|
---------------+---------+---------+---------+---------+
M4/push        |    1.069|         |         |         |
U9/clk1        |    0.818|         |         |         |
clk_100mhz     |    1.336|         |         |         |
---------------+---------+---------+---------+---------+

Clock to Setup on destination clock U8/clkdiv_6
---------------+---------+---------+---------+---------+
               | Src:Rise| Src:Fall| Src:Rise| Src:Fall|
Source Clock   |Dest:Rise|Dest:Rise|Dest:Fall|Dest:Fall|
---------------+---------+---------+---------+---------+
Clk_CPU        |         |    2.138|         |         |
U8/clkdiv_6    |    2.221|         |         |         |
clk_100mhz     |    1.620|         |         |         |
---------------+---------+---------+---------+---------+

Clock to Setup on destination clock U9/SW_OK<15>
---------------+---------+---------+---------+---------+
               | Src:Rise| Src:Fall| Src:Rise| Src:Fall|
Source Clock   |Dest:Rise|Dest:Rise|Dest:Fall|Dest:Fall|
---------------+---------+---------+---------+---------+
Clk_CPU        |    1.287|         |         |         |
clk_100mhz     |    1.475|         |         |         |
---------------+---------+---------+---------+---------+

Clock to Setup on destination clock U9/clk1
---------------+---------+---------+---------+---------+
               | Src:Rise| Src:Fall| Src:Rise| Src:Fall|
Source Clock   |Dest:Rise|Dest:Rise|Dest:Fall|Dest:Fall|
---------------+---------+---------+---------+---------+
U9/clk1        |    2.152|         |         |         |
clk_100mhz     |    1.292|         |         |         |
---------------+---------+---------+---------+---------+

Clock to Setup on destination clock clk_100mhz
---------------+---------+---------+---------+---------+
               | Src:Rise| Src:Fall| Src:Rise| Src:Fall|
Source Clock   |Dest:Rise|Dest:Rise|Dest:Fall|Dest:Fall|
---------------+---------+---------+---------+---------+
Clk_CPU        |   13.590|    4.918|    8.772|         |
M4/push        |    1.928|         |         |         |
U8/clkdiv_6    |    5.651|         |         |         |
U9/clk1        |    1.100|         |         |         |
clk_100mhz     |    5.655|         |         |         |
---------------+---------+---------+---------+---------+

=========================================================================


Total REAL time to Xst completion: 31.00 secs
Total CPU time to Xst completion: 31.09 secs
 
--> 

Total memory usage is 4691952 kilobytes

Number of errors   :    0 (   0 filtered)
Number of warnings :   84 (   0 filtered)
Number of infos    :   10 (   0 filtered)

